<?xml version="1.0" encoding="UTF-8"?>
<!-- Generated by org.testng.reporters.JUnitReportReporter -->
<testsuite hostname="DESKTOP-1T4HPVR" failures="0" tests="1" name="com.orange.testcases.TC_Add_New_Employee" time="5.999" errors="0" timestamp="2024-09-27T22:25:50 IST" skipped="0">
  <testcase classname="com.orange.testcases.TC_Add_New_Employee" name="addemployee" time="5.999"/>
</testsuite> <!-- com.orange.testcases.TC_Add_New_Employee -->
