<?xml version="1.0" encoding="UTF-8"?>
<!-- Generated by org.testng.reporters.JUnitReportReporter -->
<testsuite hostname="DESKTOP-1T4HPVR" failures="0" tests="1" name="com.orange.testcases.TC_LoginPage" time="1.348" errors="0" timestamp="2024-09-25T19:25:18 IST" skipped="0">
  <testcase classname="com.orange.testcases.TC_LoginPage" name="verifylogin" time="1.348"/>
</testsuite> <!-- com.orange.testcases.TC_LoginPage -->
