<?xml version="1.0" encoding="UTF-8"?>
<!-- Generated by org.testng.reporters.JUnitReportReporter -->
<testsuite hostname="DESKTOP-1T4HPVR" failures="0" tests="1" name="com.orange.testcases.TC_ApplyLeave" time="5.453" errors="0" timestamp="2024-09-27T22:20:59 IST" skipped="0">
  <testcase classname="com.orange.testcases.TC_ApplyLeave" name="applyleave" time="5.453"/>
</testsuite> <!-- com.orange.testcases.TC_ApplyLeave -->
